/var/spool/slurmd/job25892/slurm_script: line 17: conda: command not found
/var/spool/slurmd/job25892/slurm_script: line 18: conda: command not found
Starting generative fine-tuning on GPU...
Thu Nov  6 16:27:15 2025       
+-----------------------------------------------------------------------------------------+
| NVIDIA-SMI 570.86.15              Driver Version: 570.86.15      CUDA Version: 12.8     |
|-----------------------------------------+------------------------+----------------------+
| GPU  Name                 Persistence-M | Bus-Id          Disp.A | Volatile Uncorr. ECC |
| Fan  Temp   Perf          Pwr:Usage/Cap |           Memory-Usage | GPU-Util  Compute M. |
|                                         |                        |               MIG M. |
|=========================================+========================+======================|
|   0  NVIDIA A100 80GB PCIe          On  |   00000000:B1:00.0 Off |                    0 |
| N/A   24C    P0             42W /  300W |       1MiB /  81920MiB |      0%      Default |
|                                         |                        |             Disabled |
+-----------------------------------------+------------------------+----------------------+
                                                                                         
+-----------------------------------------------------------------------------------------+
| Processes:                                                                              |
|  GPU   GI   CI              PID   Type   Process name                        GPU Memory |
|        ID   ID                                                               Usage      |
|=========================================================================================|
|  No running processes found                                                             |
+-----------------------------------------------------------------------------------------+
loading pretrained weights...
Traceback (most recent call last):
  File "/gpfs/projects/b1080/rz/cs461/HW2/generation.py", line 157, in <module>
    main()
  File "/gpfs/projects/b1080/rz/cs461/HW2/generation.py", line 145, in main
    loss = train(model, train_loader, criterion, optimizer, opt.device)
  File "/gpfs/projects/b1080/rz/cs461/HW2/generation.py", line 72, in train
    logits = model(input_ids, None)  # (batch, seq_len, vocab_size)
  File "/home/mnr4714/miniconda3/envs/transformer/lib/python3.10/site-packages/torch/nn/modules/module.py", line 1773, in _wrapped_call_impl
    return self._call_impl(*args, **kwargs)
  File "/home/mnr4714/miniconda3/envs/transformer/lib/python3.10/site-packages/torch/nn/modules/module.py", line 1784, in _call_impl
    return forward_call(*args, **kwargs)
  File "/gpfs/projects/b1080/rz/cs461/HW2/starter.py", line 267, in forward
    output = torch.matmul(d_output,self.decoder.embed(self.opt.indices).transpose(0,1))
AttributeError: 'Namespace' object has no attribute 'indices'
Fine-tuning completed. Model saved to models/qa_finetuned.pt
