/var/spool/slurmd/job41693/slurm_script: line 17: conda: command not found
Starting classification fine-tuning on GPU...
Thu Nov  6 18:49:18 2025       
+-----------------------------------------------------------------------------------------+
| NVIDIA-SMI 570.86.15              Driver Version: 570.86.15      CUDA Version: 12.8     |
|-----------------------------------------+------------------------+----------------------+
| GPU  Name                 Persistence-M | Bus-Id          Disp.A | Volatile Uncorr. ECC |
| Fan  Temp   Perf          Pwr:Usage/Cap |           Memory-Usage | GPU-Util  Compute M. |
|                                         |                        |               MIG M. |
|=========================================+========================+======================|
|   0  NVIDIA A100 80GB PCIe          On  |   00000000:17:00.0 Off |                    0 |
| N/A   24C    P0             41W /  300W |       1MiB /  81920MiB |      0%      Default |
|                                         |                        |             Disabled |
+-----------------------------------------+------------------------+----------------------+
                                                                                         
+-----------------------------------------------------------------------------------------+
| Processes:                                                                              |
|  GPU   GI   CI              PID   Type   Process name                        GPU Memory |
|        ID   ID                                                               Usage      |
|=========================================================================================|
|  No running processes found                                                             |
+-----------------------------------------------------------------------------------------+
Epoch 1: train_loss=1.0807, train_acc=0.5278, val_loss=1.0402, val_acc=0.6052
Epoch 2: train_loss=0.6319, train_acc=0.7617, val_loss=0.9549, val_acc=0.6349
Epoch 3: train_loss=0.3213, train_acc=0.8823, val_loss=1.1222, val_acc=0.6528
Model saved to models/classifier.pt
Classification training completed. Model saved to models/classifier.pt
