Lmod has detected the following error: The following module(s) are unknown:
"Anaconda3"

Please check the spelling or version number. Also try "module spider ..."
It is also possible your cache file is out-of-date; it may help to try:
  $ module --ignore_cache load "Anaconda3"

Also make sure that all modulefiles written in TCL start with the string
#%Module



/var/spool/slurmd/job9962810/slurm_script: line 18: conda: command not found
Starting classification training on GPU...
Thu Nov  6 05:34:03 2025       
+-----------------------------------------------------------------------------------------+
| NVIDIA-SMI 570.86.15              Driver Version: 570.86.15      CUDA Version: 12.8     |
|-----------------------------------------+------------------------+----------------------+
| GPU  Name                 Persistence-M | Bus-Id          Disp.A | Volatile Uncorr. ECC |
| Fan  Temp   Perf          Pwr:Usage/Cap |           Memory-Usage | GPU-Util  Compute M. |
|                                         |                        |               MIG M. |
|=========================================+========================+======================|
|   0  NVIDIA A100-PCIE-40GB          On  |   00000000:06:00.0 Off |                    0 |
| N/A   22C    P0             30W /  250W |       1MiB /  40960MiB |      0%      Default |
|                                         |                        |             Disabled |
+-----------------------------------------+------------------------+----------------------+
                                                                                         
+-----------------------------------------------------------------------------------------+
| Processes:                                                                              |
|  GPU   GI   CI              PID   Type   Process name                        GPU Memory |
|        ID   ID                                                               Usage      |
|=========================================================================================|
|  No running processes found                                                             |
+-----------------------------------------------------------------------------------------+
Traceback (most recent call last):
  File "/gpfs/projects/b1080/rz/cs461/HW2/classification.py", line 163, in <module>
    main()
  File "/gpfs/projects/b1080/rz/cs461/HW2/classification.py", line 153, in main
    val_loss, val_acc = evaluate(model, val_loader, device, criterion)
  File "/gpfs/projects/b1080/rz/cs461/HW2/classification.py", line 117, in evaluate
    return total_loss / len(dataloader), total_acc / len(dataloader)
ZeroDivisionError: division by zero
Classification training completed.
