/var/spool/slurmd/job42668/slurm_script: line 17: conda: command not found
Starting classification fine-tuning on GPU...
Thu Nov  6 19:07:03 2025       
+-----------------------------------------------------------------------------------------+
| NVIDIA-SMI 570.86.15              Driver Version: 570.86.15      CUDA Version: 12.8     |
|-----------------------------------------+------------------------+----------------------+
| GPU  Name                 Persistence-M | Bus-Id          Disp.A | Volatile Uncorr. ECC |
| Fan  Temp   Perf          Pwr:Usage/Cap |           Memory-Usage | GPU-Util  Compute M. |
|                                         |                        |               MIG M. |
|=========================================+========================+======================|
|   0  NVIDIA A100 80GB PCIe          On  |   00000000:31:00.0 Off |                    0 |
| N/A   24C    P0             41W /  300W |       1MiB /  81920MiB |      0%      Default |
|                                         |                        |             Disabled |
+-----------------------------------------+------------------------+----------------------+
                                                                                         
+-----------------------------------------------------------------------------------------+
| Processes:                                                                              |
|  GPU   GI   CI              PID   Type   Process name                        GPU Memory |
|        ID   ID                                                               Usage      |
|=========================================================================================|
|  No running processes found                                                             |
+-----------------------------------------------------------------------------------------+
Using device: NVIDIA A100 80GB PCIe
Epoch 1: train_loss=1.0783, train_acc=0.5369, val_loss=0.9616, val_acc=0.6190
Epoch 2: train_loss=0.6104, train_acc=0.7726, val_loss=0.9243, val_acc=0.6448
Epoch 3: train_loss=0.2921, train_acc=0.9004, val_loss=1.1016, val_acc=0.6488
Model saved to models/classifier.pt
Total runtime: 9.68 minutes
Classification training completed. Model saved to models/classifier.pt
