no change     /home/mnr4714/miniconda3/condabin/conda
no change     /home/mnr4714/miniconda3/bin/conda
no change     /home/mnr4714/miniconda3/bin/conda-env
no change     /home/mnr4714/miniconda3/bin/activate
no change     /home/mnr4714/miniconda3/bin/deactivate
no change     /home/mnr4714/miniconda3/etc/profile.d/conda.sh
no change     /home/mnr4714/miniconda3/etc/fish/conf.d/conda.fish
no change     /home/mnr4714/miniconda3/shell/condabin/Conda.psm1
no change     /home/mnr4714/miniconda3/shell/condabin/conda-hook.ps1
no change     /home/mnr4714/miniconda3/lib/python3.13/site-packages/xontrib/conda.xsh
no change     /home/mnr4714/miniconda3/etc/profile.d/conda.csh
no change     /home/mnr4714/.bashrc
No action taken.

CondaError: Run 'conda init' before 'conda activate'

Starting classification training on GPU...
Thu Nov  6 09:58:21 2025       
+-----------------------------------------------------------------------------------------+
| NVIDIA-SMI 570.86.15              Driver Version: 570.86.15      CUDA Version: 12.8     |
|-----------------------------------------+------------------------+----------------------+
| GPU  Name                 Persistence-M | Bus-Id          Disp.A | Volatile Uncorr. ECC |
| Fan  Temp   Perf          Pwr:Usage/Cap |           Memory-Usage | GPU-Util  Compute M. |
|                                         |                        |               MIG M. |
|=========================================+========================+======================|
|   0  NVIDIA A100-PCIE-40GB          On  |   00000000:06:00.0 Off |                    0 |
| N/A   22C    P0             30W /  250W |       1MiB /  40960MiB |      0%      Default |
|                                         |                        |             Disabled |
+-----------------------------------------+------------------------+----------------------+
                                                                                         
+-----------------------------------------------------------------------------------------+
| Processes:                                                                              |
|  GPU   GI   CI              PID   Type   Process name                        GPU Memory |
|        ID   ID                                                               Usage      |
|=========================================================================================|
|  No running processes found                                                             |
+-----------------------------------------------------------------------------------------+
Traceback (most recent call last):
  File "/gpfs/projects/b1080/rz/cs461/HW2/classification.py", line 164, in <module>
    main()
  File "/gpfs/projects/b1080/rz/cs461/HW2/classification.py", line 138, in main
    print("Validation samples:", len(valid_set))
NameError: name 'valid_set' is not defined. Did you mean: 'val_set'?
Classification training completed.
