/var/spool/slurmd/job15705/slurm_script: line 17: conda: command not found
/var/spool/slurmd/job15705/slurm_script: line 18: conda: command not found
Starting generative fine-tuning on GPU...
Thu Nov  6 15:55:03 2025       
+-----------------------------------------------------------------------------------------+
| NVIDIA-SMI 570.86.15              Driver Version: 570.86.15      CUDA Version: 12.8     |
|-----------------------------------------+------------------------+----------------------+
| GPU  Name                 Persistence-M | Bus-Id          Disp.A | Volatile Uncorr. ECC |
| Fan  Temp   Perf          Pwr:Usage/Cap |           Memory-Usage | GPU-Util  Compute M. |
|                                         |                        |               MIG M. |
|=========================================+========================+======================|
|   0  NVIDIA A100 80GB PCIe          On  |   00000000:B1:00.0 Off |                    0 |
| N/A   24C    P0             42W /  300W |       1MiB /  81920MiB |      0%      Default |
|                                         |                        |             Disabled |
+-----------------------------------------+------------------------+----------------------+
                                                                                         
+-----------------------------------------------------------------------------------------+
| Processes:                                                                              |
|  GPU   GI   CI              PID   Type   Process name                        GPU Memory |
|        ID   ID                                                               Usage      |
|=========================================================================================|
|  No running processes found                                                             |
+-----------------------------------------------------------------------------------------+
Traceback (most recent call last):
  File "/gpfs/projects/b1080/rz/cs461/HW2/generation.py", line 156, in <module>
    main()
  File "/gpfs/projects/b1080/rz/cs461/HW2/generation.py", line 132, in main
    model = get_modelGPT(opt, vocab_size=50257)  # opt.vocab_size from starter.py
NameError: name 'opt' is not defined. Did you mean: 'oct'?
Fine-tuning completed. Model saved to models/qa_finetuned.pt
