/var/spool/slurmd/job42667/slurm_script: line 17: conda: command not found
Starting GPT-based generative fine-tuning on GPU...
Thu Nov  6 19:06:23 2025       
+-----------------------------------------------------------------------------------------+
| NVIDIA-SMI 570.86.15              Driver Version: 570.86.15      CUDA Version: 12.8     |
|-----------------------------------------+------------------------+----------------------+
| GPU  Name                 Persistence-M | Bus-Id          Disp.A | Volatile Uncorr. ECC |
| Fan  Temp   Perf          Pwr:Usage/Cap |           Memory-Usage | GPU-Util  Compute M. |
|                                         |                        |               MIG M. |
|=========================================+========================+======================|
|   0  NVIDIA A100 80GB PCIe          On  |   00000000:17:00.0 Off |                    0 |
| N/A   24C    P0             41W /  300W |       1MiB /  81920MiB |      0%      Default |
|                                         |                        |             Disabled |
+-----------------------------------------+------------------------+----------------------+
                                                                                         
+-----------------------------------------------------------------------------------------+
| Processes:                                                                              |
|  GPU   GI   CI              PID   Type   Process name                        GPU Memory |
|        ID   ID                                                               Usage      |
|=========================================================================================|
|  No running processes found                                                             |
+-----------------------------------------------------------------------------------------+
Using device: NVIDIA A100 80GB PCIe
Traceback (most recent call last):
  File "/gpfs/projects/b1080/rz/cs461/HW2/generation.py", line 133, in <module>
    main()
  File "/gpfs/projects/b1080/rz/cs461/HW2/generation.py", line 104, in main
    args.indices = torch.arange(vocab_size).to(device)
NameError: name 'device' is not defined
Generative fine-tuning completed. Model saved to models/generator.pt
