/var/spool/slurmd/job41694/slurm_script: line 17: conda: command not found
Starting GPT-based generative fine-tuning on GPU...
Thu Nov  6 18:49:32 2025       
+-----------------------------------------------------------------------------------------+
| NVIDIA-SMI 570.86.15              Driver Version: 570.86.15      CUDA Version: 12.8     |
|-----------------------------------------+------------------------+----------------------+
| GPU  Name                 Persistence-M | Bus-Id          Disp.A | Volatile Uncorr. ECC |
| Fan  Temp   Perf          Pwr:Usage/Cap |           Memory-Usage | GPU-Util  Compute M. |
|                                         |                        |               MIG M. |
|=========================================+========================+======================|
|   0  NVIDIA A100 80GB PCIe          On  |   00000000:31:00.0 Off |                    0 |
| N/A   24C    P0             41W /  300W |       1MiB /  81920MiB |      0%      Default |
|                                         |                        |             Disabled |
+-----------------------------------------+------------------------+----------------------+
                                                                                         
+-----------------------------------------------------------------------------------------+
| Processes:                                                                              |
|  GPU   GI   CI              PID   Type   Process name                        GPU Memory |
|        ID   ID                                                               Usage      |
|=========================================================================================|
|  No running processes found                                                             |
+-----------------------------------------------------------------------------------------+
loading pretrained weights...
Traceback (most recent call last):
  File "/gpfs/projects/b1080/rz/cs461/HW2/generation.py", line 127, in <module>
    main()
  File "/gpfs/projects/b1080/rz/cs461/HW2/generation.py", line 102, in main
    model = get_modelGPT(args, vocab_size).to(device)
  File "/gpfs/projects/b1080/rz/cs461/HW2/starter.py", line 286, in get_modelGPT
    if opt.device == 0:
AttributeError: 'Namespace' object has no attribute 'device'
Generative fine-tuning completed. Model saved to models/generator.pt
