/var/spool/slurmd/job30149/slurm_script: line 17: conda: command not found
/var/spool/slurmd/job30149/slurm_script: line 18: conda: command not found
Starting generative fine-tuning on GPU...
Thu Nov  6 16:57:38 2025       
+-----------------------------------------------------------------------------------------+
| NVIDIA-SMI 570.86.15              Driver Version: 570.86.15      CUDA Version: 12.8     |
|-----------------------------------------+------------------------+----------------------+
| GPU  Name                 Persistence-M | Bus-Id          Disp.A | Volatile Uncorr. ECC |
| Fan  Temp   Perf          Pwr:Usage/Cap |           Memory-Usage | GPU-Util  Compute M. |
|                                         |                        |               MIG M. |
|=========================================+========================+======================|
|   0  NVIDIA A100 80GB PCIe          On  |   00000000:B1:00.0 Off |                    0 |
| N/A   24C    P0             42W /  300W |       1MiB /  81920MiB |      0%      Default |
|                                         |                        |             Disabled |
+-----------------------------------------+------------------------+----------------------+
                                                                                         
+-----------------------------------------------------------------------------------------+
| Processes:                                                                              |
|  GPU   GI   CI              PID   Type   Process name                        GPU Memory |
|        ID   ID                                                               Usage      |
|=========================================================================================|
|  No running processes found                                                             |
+-----------------------------------------------------------------------------------------+
loading pretrained weights...
Epoch 1: train_loss=0.1671, val_acc=0.2380
Epoch 2: train_loss=0.0451, val_acc=0.2760
Epoch 3: train_loss=0.0148, val_acc=0.2760
Model saved to hw2/qa_finetuned/model_weights
Fine-tuning completed. Model saved to models/qa_finetuned.pt
