no change     /home/mnr4714/miniconda3/condabin/conda
no change     /home/mnr4714/miniconda3/bin/conda
no change     /home/mnr4714/miniconda3/bin/conda-env
no change     /home/mnr4714/miniconda3/bin/activate
no change     /home/mnr4714/miniconda3/bin/deactivate
no change     /home/mnr4714/miniconda3/etc/profile.d/conda.sh
no change     /home/mnr4714/miniconda3/etc/fish/conf.d/conda.fish
no change     /home/mnr4714/miniconda3/shell/condabin/Conda.psm1
no change     /home/mnr4714/miniconda3/shell/condabin/conda-hook.ps1
no change     /home/mnr4714/miniconda3/lib/python3.13/site-packages/xontrib/conda.xsh
no change     /home/mnr4714/miniconda3/etc/profile.d/conda.csh
no change     /home/mnr4714/.bashrc
No action taken.

CondaError: Run 'conda init' before 'conda activate'

Starting classification training on GPU...
Thu Nov  6 10:13:43 2025       
+-----------------------------------------------------------------------------------------+
| NVIDIA-SMI 570.86.15              Driver Version: 570.86.15      CUDA Version: 12.8     |
|-----------------------------------------+------------------------+----------------------+
| GPU  Name                 Persistence-M | Bus-Id          Disp.A | Volatile Uncorr. ECC |
| Fan  Temp   Perf          Pwr:Usage/Cap |           Memory-Usage | GPU-Util  Compute M. |
|                                         |                        |               MIG M. |
|=========================================+========================+======================|
|   0  NVIDIA A100-PCIE-40GB          On  |   00000000:06:00.0 Off |                    0 |
| N/A   23C    P0             30W /  250W |       1MiB /  40960MiB |      0%      Default |
|                                         |                        |             Disabled |
+-----------------------------------------+------------------------+----------------------+
                                                                                         
+-----------------------------------------------------------------------------------------+
| Processes:                                                                              |
|  GPU   GI   CI              PID   Type   Process name                        GPU Memory |
|        ID   ID                                                               Usage      |
|=========================================================================================|
|  No running processes found                                                             |
+-----------------------------------------------------------------------------------------+
Epoch 1: train_loss=1.0971, train_acc=0.5274, val_loss=0.9787, val_acc=0.6131
Epoch 2: train_loss=0.6469, train_acc=0.7526, val_loss=1.0055, val_acc=0.6270
Epoch 3: train_loss=0.3401, train_acc=0.8772, val_loss=1.1130, val_acc=0.6329
Model saved to models/bert_classifier.pt
Classification training completed.
